==========================================
 seed=0  ->  runs/sd1_ens/seed0
==========================================
device: mps
loading data/sd1_train.csv
  7,684 datapoints
  split: train=6147  val=768  test=769
  features_size: 200
  model params: 415,201

────────────────────────────────────────────────────────
  ep  train_loss   val_auc   val_prc   val_acc        lr
────────────────────────────────────────────────────────
   1      0.2386    0.7447    0.3031    0.9375  5.57e-04 *
   2      0.2045    0.7587    0.3472    0.9427  9.98e-04 *
   3      0.1819    0.7874    0.3259    0.9414  9.19e-04 *
   4      0.1654    0.8213    0.4234    0.9440  8.45e-04 *
   5      0.1525    0.8111    0.4019    0.9453  7.78e-04  
   6      0.1400    0.7807    0.3441    0.9388  7.16e-04  
   7      0.1329    0.8319    0.4614    0.9414  6.59e-04 *
   8      0.1209    0.8093    0.4282    0.9505  6.07e-04  
   9      0.1144    0.8190    0.4218    0.9414  5.59e-04  
  10      0.1084    0.8143    0.3946    0.9453  5.14e-04  
  11      0.0987    0.8221    0.3789    0.9401  4.73e-04  
  12      0.0925    0.8095    0.3696    0.9388  4.36e-04  
  13      0.0884    0.7977    0.3574    0.9401  4.01e-04  
  14      0.0838    0.8044    0.3691    0.9401  3.69e-04  
  15      0.0802    0.7990    0.3474    0.9375  3.40e-04  
  16      0.0770    0.8196    0.3954    0.9414  3.13e-04  
  17      0.0723    0.8011    0.3758    0.9427  2.88e-04  
  18      0.0697    0.7958    0.3329    0.9349  2.65e-04  
  19      0.0688    0.8106    0.3742    0.9414  2.44e-04  
  20      0.0653    0.7974    0.3487    0.9388  2.24e-04  
  21      0.0624    0.8028    0.3603    0.9388  2.07e-04  
  22      0.0613    0.7971    0.3589    0.9362  1.90e-04  
  23      0.0583    0.7963    0.3513    0.9388  1.75e-04  
  24      0.0582    0.8047    0.3610    0.9375  1.61e-04  
  25      0.0556    0.7969    0.3632    0.9362  1.48e-04  
  26      0.0547    0.7952    0.3469    0.9349  1.36e-04  
  27      0.0528    0.7942    0.3451    0.9388  1.26e-04  
  28      0.0516    0.7913    0.3509    0.9349  1.16e-04  
  29      0.0504    0.7955    0.3511    0.9362  1.06e-04  
  30      0.0501    0.8042    0.3615    0.9362  1.00e-04  
────────────────────────────────────────────────────────
best val auc=0.8319 at epoch 7
wrote runs/sd1_ens/seed0/history.png
test: auc=0.8228  prc-auc=0.3686  acc=0.9402
wrote runs/sd1_ens/seed0/test_curves.png
==========================================
 seed=1  ->  runs/sd1_ens/seed1
==========================================
device: mps
loading data/sd1_train.csv
  7,684 datapoints
  split: train=6147  val=768  test=769
  features_size: 200
  model params: 415,201

────────────────────────────────────────────────────────
  ep  train_loss   val_auc   val_prc   val_acc        lr
────────────────────────────────────────────────────────
   1      0.2413    0.6923    0.1261    0.9362  5.57e-04 *
   2      0.2016    0.7241    0.1548    0.9401  9.98e-04 *
   3      0.1802    0.7434    0.2045    0.9375  9.19e-04 *
   4      0.1613    0.7762    0.2704    0.9362  8.45e-04 *
   5      0.1492    0.7700    0.2850    0.9440  7.78e-04  
   6      0.1422    0.7748    0.2605    0.9401  7.16e-04  
   7      0.1295    0.7799    0.2824    0.9466  6.59e-04 *
   8      0.1206    0.7628    0.2771    0.9401  6.07e-04  
   9      0.1153    0.7934    0.3182    0.9427  5.59e-04 *
  10      0.1064    0.7959    0.2772    0.9388  5.14e-04 *
  11      0.0998    0.7592    0.2446    0.9401  4.73e-04  
  12      0.0954    0.7801    0.3089    0.9466  4.36e-04  
  13      0.0909    0.7729    0.3146    0.9453  4.01e-04  
  14      0.0869    0.7710    0.2699    0.9349  3.69e-04  
  15      0.0817    0.7710    0.2708    0.9375  3.40e-04  
  16      0.0772    0.7748    0.3025    0.9479  3.13e-04  
  17      0.0750    0.7797    0.2909    0.9453  2.88e-04  
  18      0.0728    0.7806    0.2985    0.9453  2.65e-04  
  19      0.0691    0.7718    0.2609    0.9401  2.44e-04  
  20      0.0666    0.7702    0.2912    0.9440  2.24e-04  
  21      0.0649    0.7696    0.2699    0.9427  2.07e-04  
  22      0.0631    0.7707    0.2729    0.9427  1.90e-04  
  23      0.0607    0.7717    0.2785    0.9453  1.75e-04  
  24      0.0592    0.7688    0.2720    0.9427  1.61e-04  
  25      0.0580    0.7670    0.2767    0.9414  1.48e-04  
  26      0.0561    0.7648    0.2778    0.9401  1.36e-04  
  27      0.0552    0.7671    0.2822    0.9466  1.26e-04  
  28      0.0545    0.7656    0.2767    0.9440  1.16e-04  
  29      0.0531    0.7636    0.2787    0.9466  1.06e-04  
  30      0.0522    0.7616    0.2859    0.9440  1.00e-04  
────────────────────────────────────────────────────────
best val auc=0.7959 at epoch 10
wrote runs/sd1_ens/seed1/history.png
test: auc=0.7519  prc-auc=0.1963  acc=0.9376
wrote runs/sd1_ens/seed1/test_curves.png
==========================================
 seed=2  ->  runs/sd1_ens/seed2
==========================================
device: mps
loading data/sd1_train.csv
  7,684 datapoints
  split: train=6147  val=768  test=769
  features_size: 200
  model params: 415,201

────────────────────────────────────────────────────────
  ep  train_loss   val_auc   val_prc   val_acc        lr
────────────────────────────────────────────────────────
   1      0.2530    0.7212    0.1801    0.9362  5.57e-04 *
   2      0.1983    0.7398    0.2260    0.9388  9.98e-04 *
   3      0.1792    0.7630    0.2847    0.9427  9.19e-04 *
   4      0.1613    0.7444    0.2733    0.9440  8.45e-04  
   5      0.1489    0.7861    0.3103    0.9453  7.78e-04 *
   6      0.1360    0.7315    0.2810    0.9427  7.16e-04  
   7      0.1281    0.7976    0.3309    0.9427  6.59e-04 *
   8      0.1192    0.7733    0.3308    0.9440  6.07e-04  
   9      0.1115    0.7870    0.3149    0.9440  5.59e-04  
  10      0.1029    0.7683    0.3101    0.9453  5.14e-04  
  11      0.0979    0.7760    0.3068    0.9375  4.73e-04  
  12      0.0912    0.7555    0.3212    0.9453  4.36e-04  
  13      0.0865    0.7673    0.3228    0.9440  4.01e-04  
  14      0.0810    0.7781    0.3111    0.9414  3.69e-04  
  15      0.0791    0.7724    0.3242    0.9414  3.40e-04  
  16      0.0737    0.7643    0.3375    0.9453  3.13e-04  
  17      0.0723    0.7593    0.3338    0.9375  2.88e-04  
  18      0.0687    0.7671    0.3279    0.9427  2.65e-04  
  19      0.0673    0.7710    0.3193    0.9414  2.44e-04  
  20      0.0654    0.7618    0.3239    0.9375  2.24e-04  
  21      0.0622    0.7651    0.3215    0.9401  2.07e-04  
  22      0.0600    0.7661    0.3259    0.9401  1.90e-04  
  23      0.0590    0.7620    0.3242    0.9414  1.75e-04  
  24      0.0571    0.7672    0.3321    0.9375  1.61e-04  
  25      0.0556    0.7677    0.3268    0.9401  1.48e-04  
  26      0.0547    0.7649    0.3225    0.9401  1.36e-04  
  27      0.0532    0.7709    0.3270    0.9401  1.26e-04  
  28      0.0522    0.7647    0.3164    0.9375  1.16e-04  
  29      0.0515    0.7659    0.3337    0.9388  1.06e-04  
  30      0.0507    0.7624    0.3405    0.9414  1.00e-04  
────────────────────────────────────────────────────────
best val auc=0.7976 at epoch 7
wrote runs/sd1_ens/seed2/history.png
test: auc=0.7998  prc-auc=0.3176  acc=0.9402
wrote runs/sd1_ens/seed2/test_curves.png
==========================================
 seed=3  ->  runs/sd1_ens/seed3
==========================================
device: mps
loading data/sd1_train.csv
  7,684 datapoints
  split: train=6147  val=768  test=769
  features_size: 200
  model params: 415,201

────────────────────────────────────────────────────────
  ep  train_loss   val_auc   val_prc   val_acc        lr
────────────────────────────────────────────────────────
   1      0.2474    0.8080    0.2688    0.9349  5.57e-04 *
   2      0.1968    0.8317    0.3293    0.9349  9.98e-04 *
   3      0.1791    0.8530    0.3951    0.9388  9.19e-04 *
   4      0.1610    0.8356    0.3874    0.9414  8.45e-04  
   5      0.1494    0.8450    0.3742    0.9388  7.78e-04  
   6      0.1396    0.8578    0.3961    0.9414  7.16e-04 *
   7      0.1273    0.8269    0.3349    0.9401  6.59e-04  
   8      0.1192    0.8276    0.3637    0.9323  6.07e-04  
   9      0.1120    0.8397    0.4145    0.9414  5.59e-04  
  10      0.1050    0.8149    0.3883    0.9388  5.14e-04  
  11      0.0992    0.8387    0.3875    0.9414  4.73e-04  
  12      0.0942    0.8188    0.3766    0.9375  4.36e-04  
  13      0.0877    0.8177    0.3678    0.9336  4.01e-04  
  14      0.0828    0.8212    0.3860    0.9362  3.69e-04  
  15      0.0797    0.8119    0.3388    0.9375  3.40e-04  
  16      0.0765    0.7953    0.3252    0.9375  3.13e-04  
  17      0.0726    0.8065    0.3520    0.9349  2.88e-04  
  18      0.0701    0.8108    0.3514    0.9362  2.65e-04  
  19      0.0675    0.8052    0.3484    0.9375  2.44e-04  
  20      0.0636    0.8105    0.3662    0.9336  2.24e-04  
  21      0.0616    0.8149    0.3605    0.9349  2.07e-04  
  22      0.0600    0.8068    0.3370    0.9323  1.90e-04  
  23      0.0588    0.8018    0.3337    0.9336  1.75e-04  
  24      0.0564    0.8042    0.3419    0.9349  1.61e-04  
  25      0.0548    0.8070    0.3535    0.9362  1.48e-04  
  26      0.0533    0.8028    0.3577    0.9336  1.36e-04  
  27      0.0527    0.8078    0.3461    0.9310  1.26e-04  
  28      0.0511    0.8086    0.3475    0.9323  1.16e-04  
  29      0.0499    0.8072    0.3511    0.9323  1.06e-04  
  30      0.0487    0.8025    0.3501    0.9336  1.00e-04  
────────────────────────────────────────────────────────
best val auc=0.8578 at epoch 6
wrote runs/sd1_ens/seed3/history.png
test: auc=0.7604  prc-auc=0.3732  acc=0.9350
wrote runs/sd1_ens/seed3/test_curves.png
==========================================
 seed=4  ->  runs/sd1_ens/seed4
==========================================
device: mps
loading data/sd1_train.csv
  7,684 datapoints
  split: train=6147  val=768  test=769
  features_size: 200
  model params: 415,201

────────────────────────────────────────────────────────
  ep  train_loss   val_auc   val_prc   val_acc        lr
────────────────────────────────────────────────────────
   1      0.2610    0.7303    0.1480    0.9427  5.57e-04 *
   2      0.2023    0.7041    0.1997    0.9453  9.98e-04  
   3      0.1837    0.7533    0.2175    0.9440  9.19e-04 *
   4      0.1670    0.7487    0.2162    0.9401  8.45e-04  
   5      0.1502    0.7705    0.2628    0.9440  7.78e-04 *
   6      0.1403    0.7647    0.2404    0.9388  7.16e-04  
   7      0.1297    0.7525    0.2353    0.9362  6.59e-04  
   8      0.1220    0.7641    0.2467    0.9414  6.07e-04  
   9      0.1121    0.7603    0.2302    0.9297  5.59e-04  
  10      0.1083    0.7520    0.2406    0.9401  5.14e-04  
  11      0.0989    0.7597    0.2401    0.9401  4.73e-04  
  12      0.0920    0.7662    0.2442    0.9375  4.36e-04  
  13      0.0875    0.7567    0.2305    0.9388  4.01e-04  
  14      0.0837    0.7625    0.2342    0.9375  3.69e-04  
  15      0.0798    0.7579    0.2292    0.9388  3.40e-04  
  16      0.0754    0.7450    0.2340    0.9310  3.13e-04  
  17      0.0716    0.7497    0.2288    0.9310  2.88e-04  
  18      0.0699    0.7541    0.2301    0.9375  2.65e-04  
  19      0.0680    0.7490    0.2337    0.9362  2.44e-04  
  20      0.0642    0.7456    0.2377    0.9336  2.24e-04  
  21      0.0608    0.7488    0.2233    0.9388  2.07e-04  
  22      0.0596    0.7480    0.2305    0.9336  1.90e-04  
  23      0.0575    0.7462    0.2354    0.9336  1.75e-04  
  24      0.0560    0.7421    0.2352    0.9336  1.61e-04  
  25      0.0548    0.7467    0.2377    0.9362  1.48e-04  
  26      0.0533    0.7481    0.2533    0.9336  1.36e-04  
  27      0.0519    0.7390    0.2312    0.9388  1.26e-04  
  28      0.0513    0.7456    0.2416    0.9362  1.16e-04  
  29      0.0498    0.7400    0.2382    0.9310  1.06e-04  
  30      0.0494    0.7390    0.2351    0.9336  1.00e-04  
────────────────────────────────────────────────────────
best val auc=0.7705 at epoch 5
wrote runs/sd1_ens/seed4/history.png
test: auc=0.8283  prc-auc=0.4354  acc=0.9532
wrote runs/sd1_ens/seed4/test_curves.png
==========================================
 seed=5  ->  runs/sd1_ens/seed5
==========================================
device: mps
loading data/sd1_train.csv
  7,684 datapoints
  split: train=6147  val=768  test=769
  features_size: 200
  model params: 415,201

────────────────────────────────────────────────────────
  ep  train_loss   val_auc   val_prc   val_acc        lr
────────────────────────────────────────────────────────
   1      0.2540    0.7914    0.3124    0.9479  5.57e-04 *
   2      0.2041    0.8087    0.3126    0.9531  9.98e-04 *
   3      0.1855    0.7554    0.3021    0.9505  9.19e-04  
   4      0.1691    0.8033    0.3435    0.9544  8.45e-04  
   5      0.1536    0.8081    0.3894    0.9505  7.78e-04  
   6      0.1428    0.8249    0.3543    0.9505  7.16e-04 *
   7      0.1325    0.8089    0.3883    0.9518  6.59e-04  
   8      0.1218    0.7924    0.3863    0.9518  6.07e-04  
   9      0.1155    0.8227    0.3528    0.9505  5.59e-04  
  10      0.1055    0.7711    0.3583    0.9518  5.14e-04  
  11      0.0989    0.8164    0.3454    0.9427  4.73e-04  
  12      0.0930    0.8212    0.3768    0.9518  4.36e-04  
  13      0.0875    0.8015    0.3496    0.9479  4.01e-04  
  14      0.0856    0.7966    0.3671    0.9505  3.69e-04  
  15      0.0781    0.8050    0.3729    0.9492  3.40e-04  
  16      0.0755    0.8067    0.3601    0.9492  3.13e-04  
  17      0.0715    0.8096    0.3589    0.9505  2.88e-04  
  18      0.0698    0.8012    0.3616    0.9479  2.65e-04  
  19      0.0660    0.7795    0.3494    0.9466  2.44e-04  
  20      0.0641    0.7964    0.3562    0.9492  2.24e-04  
  21      0.0613    0.7956    0.3440    0.9479  2.07e-04  
  22      0.0598    0.7874    0.3566    0.9518  1.90e-04  
  23      0.0578    0.7909    0.3430    0.9479  1.75e-04  
  24      0.0559    0.7860    0.3490    0.9492  1.61e-04  
  25      0.0545    0.7892    0.3472    0.9492  1.48e-04  
  26      0.0532    0.7886    0.3473    0.9492  1.36e-04  
  27      0.0520    0.7898    0.3570    0.9492  1.26e-04  
  28      0.0498    0.7870    0.3616    0.9479  1.16e-04  
  29      0.0492    0.7863    0.3416    0.9479  1.06e-04  
  30      0.0487    0.7853    0.3483    0.9479  1.00e-04  
────────────────────────────────────────────────────────
best val auc=0.8249 at epoch 6
wrote runs/sd1_ens/seed5/history.png
test: auc=0.7877  prc-auc=0.3266  acc=0.9402
wrote runs/sd1_ens/seed5/test_curves.png
==========================================
 seed=6  ->  runs/sd1_ens/seed6
==========================================
device: mps
loading data/sd1_train.csv
  7,684 datapoints
  split: train=6147  val=768  test=769
  features_size: 200
  model params: 415,201

────────────────────────────────────────────────────────
  ep  train_loss   val_auc   val_prc   val_acc        lr
────────────────────────────────────────────────────────
   1      0.2577    0.7711    0.1559    0.9466  5.57e-04 *
   2      0.2004    0.7441    0.1441    0.9505  9.98e-04  
   3      0.1860    0.7837    0.2210    0.9479  9.19e-04 *
   4      0.1657    0.7781    0.2245    0.9466  8.45e-04  
   5      0.1527    0.7811    0.2667    0.9479  7.78e-04  
   6      0.1413    0.7712    0.2722    0.9505  7.16e-04  
   7      0.1336    0.7645    0.2589    0.9505  6.59e-04  
   8      0.1236    0.7544    0.2478    0.9466  6.07e-04  
   9      0.1158    0.7761    0.2555    0.9479  5.59e-04  
  10      0.1077    0.7799    0.2675    0.9492  5.14e-04  
  11      0.1005    0.7637    0.2284    0.9336  4.73e-04  
  12      0.0948    0.7561    0.2594    0.9466  4.36e-04  
  13      0.0908    0.7633    0.2718    0.9453  4.01e-04  
  14      0.0864    0.7621    0.2536    0.9414  3.69e-04  
  15      0.0823    0.7437    0.2662    0.9440  3.40e-04  
  16      0.0787    0.7535    0.2651    0.9466  3.13e-04  
  17      0.0761    0.7536    0.2815    0.9440  2.88e-04  
  18      0.0720    0.7570    0.2703    0.9440  2.65e-04  
  19      0.0683    0.7602    0.2744    0.9414  2.44e-04  
  20      0.0668    0.7524    0.2698    0.9466  2.24e-04  
  21      0.0649    0.7551    0.2748    0.9453  2.07e-04  
  22      0.0625    0.7540    0.2674    0.9414  1.90e-04  
  23      0.0607    0.7459    0.2511    0.9440  1.75e-04  
  24      0.0585    0.7447    0.2534    0.9375  1.61e-04  
  25      0.0580    0.7503    0.2533    0.9427  1.48e-04  
  26      0.0557    0.7439    0.2513    0.9440  1.36e-04  
  27      0.0541    0.7507    0.2476    0.9453  1.26e-04  
  28      0.0536    0.7464    0.2494    0.9427  1.16e-04  
  29      0.0524    0.7498    0.2489    0.9440  1.06e-04  
  30      0.0513    0.7486    0.2586    0.9414  1.00e-04  
────────────────────────────────────────────────────────
best val auc=0.7837 at epoch 3
wrote runs/sd1_ens/seed6/history.png
test: auc=0.7492  prc-auc=0.2567  acc=0.9376
wrote runs/sd1_ens/seed6/test_curves.png
==========================================
 seed=7  ->  runs/sd1_ens/seed7
==========================================
device: mps
loading data/sd1_train.csv
  7,684 datapoints
  split: train=6147  val=768  test=769
  features_size: 200
  model params: 415,201

────────────────────────────────────────────────────────
  ep  train_loss   val_auc   val_prc   val_acc        lr
────────────────────────────────────────────────────────
   1      0.2385    0.7026    0.1912    0.9518  5.57e-04 *
   2      0.1964    0.7328    0.1878    0.9479  9.98e-04 *
   3      0.1770    0.7246    0.1763    0.9492  9.19e-04  
   4      0.1599    0.7321    0.2194    0.9518  8.45e-04  
   5      0.1468    0.7260    0.2136    0.9466  7.78e-04  
   6      0.1353    0.7216    0.2075    0.9479  7.16e-04  
   7      0.1258    0.7386    0.1912    0.9479  6.59e-04 *
   8      0.1172    0.7250    0.2073    0.9466  6.07e-04  
   9      0.1084    0.7370    0.2150    0.9466  5.59e-04  
  10      0.1024    0.7336    0.2065    0.9427  5.14e-04  
  11      0.0952    0.7283    0.2281    0.9479  4.73e-04  
  12      0.0915    0.7229    0.1951    0.9388  4.36e-04  
  13      0.0855    0.7283    0.2169    0.9440  4.01e-04  
  14      0.0810    0.7207    0.1996    0.9440  3.69e-04  
  15      0.0764    0.7236    0.2216    0.9440  3.40e-04  
  16      0.0734    0.7302    0.2001    0.9414  3.13e-04  
  17      0.0720    0.7154    0.1952    0.9453  2.88e-04  
  18      0.0672    0.7297    0.2188    0.9440  2.65e-04  
  19      0.0660    0.7243    0.2227    0.9466  2.44e-04  
  20      0.0620    0.7185    0.2118    0.9453  2.24e-04  
  21      0.0605    0.7165    0.2146    0.9466  2.07e-04  
  22      0.0587    0.7159    0.2179    0.9466  1.90e-04  
  23      0.0563    0.7192    0.2028    0.9466  1.75e-04  
  24      0.0558    0.7216    0.2213    0.9453  1.61e-04  
  25      0.0535    0.7225    0.2195    0.9466  1.48e-04  
  26      0.0526    0.7210    0.2178    0.9453  1.36e-04  
  27      0.0515    0.7156    0.2113    0.9440  1.26e-04  
  28      0.0502    0.7203    0.2071    0.9466  1.16e-04  
  29      0.0487    0.7212    0.2210    0.9440  1.06e-04  
  30      0.0488    0.7206    0.2103    0.9466  1.00e-04  
────────────────────────────────────────────────────────
best val auc=0.7386 at epoch 7
wrote runs/sd1_ens/seed7/history.png
test: auc=0.7964  prc-auc=0.3808  acc=0.9415
wrote runs/sd1_ens/seed7/test_curves.png
==========================================
 seed=8  ->  runs/sd1_ens/seed8
==========================================
device: mps
loading data/sd1_train.csv
  7,684 datapoints
  split: train=6147  val=768  test=769
  features_size: 200
  model params: 415,201

────────────────────────────────────────────────────────
  ep  train_loss   val_auc   val_prc   val_acc        lr
────────────────────────────────────────────────────────
   1      0.2285    0.8218    0.3133    0.9271  5.57e-04 *
   2      0.1919    0.8387    0.3820    0.9310  9.98e-04 *
   3      0.1749    0.8149    0.3960    0.9349  9.19e-04  
   4      0.1579    0.8139    0.4066    0.9336  8.45e-04  
   5      0.1439    0.8108    0.3277    0.9284  7.78e-04  
   6      0.1331    0.7990    0.3911    0.9323  7.16e-04  
   7      0.1240    0.8158    0.4048    0.9375  6.59e-04  
   8      0.1160    0.8088    0.4516    0.9375  6.07e-04  
   9      0.1064    0.8142    0.4393    0.9388  5.59e-04  
  10      0.1008    0.8050    0.4487    0.9388  5.14e-04  
  11      0.0930    0.8120    0.4326    0.9336  4.73e-04  
  12      0.0872    0.7994    0.4310    0.9362  4.36e-04  
  13      0.0824    0.8025    0.4393    0.9349  4.01e-04  
  14      0.0776    0.7938    0.4451    0.9349  3.69e-04  
  15      0.0746    0.7987    0.4471    0.9349  3.40e-04  
  16      0.0702    0.8044    0.4745    0.9414  3.13e-04  
  17      0.0685    0.7994    0.4753    0.9401  2.88e-04  
  18      0.0638    0.8001    0.4863    0.9427  2.65e-04  
  19      0.0616    0.7947    0.4396    0.9375  2.44e-04  
  20      0.0596    0.7998    0.4494    0.9297  2.24e-04  
  21      0.0570    0.8027    0.4551    0.9310  2.07e-04  
  22      0.0551    0.7976    0.4616    0.9349  1.90e-04  
  23      0.0535    0.7986    0.4635    0.9362  1.75e-04  
  24      0.0522    0.7993    0.4503    0.9349  1.61e-04  
  25      0.0509    0.8035    0.4602    0.9349  1.48e-04  
  26      0.0499    0.8031    0.4619    0.9336  1.36e-04  
  27      0.0480    0.7983    0.4382    0.9336  1.26e-04  
  28      0.0478    0.8015    0.4482    0.9336  1.16e-04  
  29      0.0464    0.7996    0.4507    0.9349  1.06e-04  
  30      0.0450    0.7998    0.4581    0.9349  1.00e-04  
────────────────────────────────────────────────────────
best val auc=0.8387 at epoch 2
wrote runs/sd1_ens/seed8/history.png
test: auc=0.7690  prc-auc=0.3142  acc=0.9272
wrote runs/sd1_ens/seed8/test_curves.png
==========================================
 seed=9  ->  runs/sd1_ens/seed9
==========================================
device: mps
loading data/sd1_train.csv
  7,684 datapoints
  split: train=6147  val=768  test=769
  features_size: 200
  model params: 415,201

────────────────────────────────────────────────────────
  ep  train_loss   val_auc   val_prc   val_acc        lr
────────────────────────────────────────────────────────
   1      0.2523    0.6691    0.1996    0.9492  5.57e-04 *
   2      0.2026    0.7610    0.2210    0.9440  9.98e-04 *
   3      0.1834    0.7839    0.2481    0.9440  9.19e-04 *
   4      0.1643    0.7679    0.2436    0.9427  8.45e-04  
   5      0.1523    0.7998    0.2889    0.9453  7.78e-04 *
   6      0.1414    0.7768    0.2387    0.9427  7.16e-04  
   7      0.1289    0.7650    0.2373    0.9453  6.59e-04  
   8      0.1235    0.7978    0.2776    0.9388  6.07e-04  
   9      0.1135    0.7738    0.2622    0.9440  5.59e-04  
  10      0.1073    0.7754    0.2711    0.9414  5.14e-04  
  11      0.1000    0.7803    0.2821    0.9414  4.73e-04  
  12      0.0950    0.7830    0.2753    0.9427  4.36e-04  
  13      0.0895    0.7812    0.2942    0.9440  4.01e-04  
  14      0.0853    0.7764    0.2998    0.9401  3.69e-04  
  15      0.0819    0.7816    0.2703    0.9440  3.40e-04  
  16      0.0771    0.7807    0.2915    0.9414  3.13e-04  
  17      0.0738    0.7797    0.2744    0.9401  2.88e-04  
  18      0.0693    0.7824    0.2667    0.9375  2.65e-04  
  19      0.0676    0.7876    0.2951    0.9388  2.44e-04  
  20      0.0640    0.7869    0.2815    0.9375  2.24e-04  
  21      0.0624    0.7887    0.2788    0.9362  2.07e-04  
  22      0.0615    0.7865    0.2850    0.9427  1.90e-04  
  23      0.0593    0.7917    0.2758    0.9401  1.75e-04  
  24      0.0568    0.7889    0.2837    0.9401  1.61e-04  
  25      0.0550    0.7903    0.2730    0.9375  1.48e-04  
  26      0.0537    0.7691    0.2663    0.9414  1.36e-04  
  27      0.0526    0.7910    0.2715    0.9375  1.26e-04  
  28      0.0518    0.7924    0.2847    0.9375  1.16e-04  
  29      0.0499    0.7883    0.2731    0.9375  1.06e-04  
  30      0.0492    0.7849    0.2715    0.9414  1.00e-04  
────────────────────────────────────────────────────────
best val auc=0.7998 at epoch 5
wrote runs/sd1_ens/seed9/history.png
test: auc=0.8298  prc-auc=0.3329  acc=0.9480
wrote runs/sd1_ens/seed9/test_curves.png

done. checkpoints:
runs/sd1_ens/seed0/model.pt
runs/sd1_ens/seed1/model.pt
runs/sd1_ens/seed2/model.pt
runs/sd1_ens/seed3/model.pt
runs/sd1_ens/seed4/model.pt
runs/sd1_ens/seed5/model.pt
runs/sd1_ens/seed6/model.pt
runs/sd1_ens/seed7/model.pt
runs/sd1_ens/seed8/model.pt
runs/sd1_ens/seed9/model.pt
